
______________________________________________________________________________________________

mybasename_intel/1a8dA.log                    Thu Feb 28 16:55:40 2019
______________________________________________________________________________________________

Input file:                                                   1a8dA.pdb


SOLUTIONS/TRIALS IN GENERATION LOOP 
___________________________________________________________________________________________________
rmsd_avg_solutions	rmsd_avg_trials		solutions	 trials 	solutions/trials (%)
       23.82092	            24.05112	            174	           1937	             8.98296 
___________________________________________________________________________________________________


MON's TIMERS 
___________________________________________________________________________________________________
   total      sum loop[ms]   init  %  begin  % inside  %    inf  %    RCD  %
  0.0000   0.0000   0.0000 0.0000 -nan 0.0000 -nan 0.0000 -nan 0.0000 -nan 0.0000 -nan
___________________________________________________________________________________________________

DATA PROTEIN LOOP
PDB abbreviation protein:                                    1a8dA
Start residue loop itself                                      155
End residue loop itself                                        166
Begin anchor residue                                           154
End anchor residue                                             167
Chain ID                                                         A


PARAMETER SETTINGS
Number closures/pdb                                           1000
Maximum iteration count/closure                              13000
Maximum iteration count/perturbation cycle                     100
Index for saving a trajectory path                             995


SLOW TIMER
Number samples                                                1000
 
FAST TIMER STATISTICS         
 
--------------------------------------------------------------------------------
Parameter                       Exact (micros)       Rounded (micros)      
--------------------------------------------------------------------------------
 
Average                             640.694000                   641      
Standard deviation                 2709.517978                  2710      
Maximum                           27438.000000                 27438      
Minimum                               0.000000                     0      
Skewness                              5.448993                 5.449      
Kurtosis                             36.641248                36.641      
 
COUNTER STATISTICS            
 
--------------------------------------------------------------------------------
Parameter                                Exact               Rounded      
--------------------------------------------------------------------------------
 
Average                             227.400000                   228      
Standard deviation                 1012.981667                  1013      
Maximum                           11113.000000                 11113      
Minimum                               0.000000                     0      
Skewness                              5.944029                 5.944      
Kurtosis                             44.002063                44.002      
 
RMSD STATISTICS LOOP SOLUTIONS
 
--------------------------------------------------------------------------------
Parameter                      Exact (Angstrom)       Rounded (Angstrom)      
--------------------------------------------------------------------------------
 
Average                               5.391418                 5.391      
Standard deviation                    1.246957                 1.247      
Maximum                               9.216803                 9.217      
Minimum                               1.926424                 1.926      
Skewness                             -0.033830                -0.034      
Kurtosis                              3.382705                 3.383      
 
BUMP (PD2) ENERGY STATISTICS LOOP SOLUTIONS
 
--------------------------------------------------------------------------------
Parameter                      Exact (Angstrom)       Rounded (Angstrom)      
--------------------------------------------------------------------------------
 
Average                               0.000000                 0.000      
Standard deviation                    0.000000                 0.000      
Maximum                               0.000000                 0.000      
Minimum                               0.000000                 0.000      
Skewness                                  -nan                  -nan      
Kurtosis                                  -nan                  -nan      
 
BUMP (PD2) EXTRA ENERGY STATISTICS LOOP SOLUTIONS
 
--------------------------------------------------------------------------------
Parameter                      Exact (Angstrom)       Rounded (Angstrom)      
--------------------------------------------------------------------------------
 
Average                               0.000000                 0.000      
Standard deviation                    0.000000                 0.000      
Maximum                               0.000000                 0.000      
Minimum                               0.000000                 0.000      
Skewness                                  -nan                  -nan      
Kurtosis                                  -nan                  -nan      
 
BUMP (PD2) INTRA ENERGY STATISTICS LOOP SOLUTIONS
 
--------------------------------------------------------------------------------
Parameter                      Exact (Angstrom)       Rounded (Angstrom)      
--------------------------------------------------------------------------------
 
Average                               0.000000                 0.000      
Standard deviation                    0.000000                 0.000      
Maximum                               0.000000                 0.000      
Minimum                               0.000000                 0.000      
Skewness                                  -nan                  -nan      
Kurtosis                                  -nan                  -nan      
 
Score statistics for LOOP SOLUTIONS
 
--------------------------------------------------------------------------------
Parameter                      Exact (Angstrom)       Rounded (Angstrom)      
--------------------------------------------------------------------------------
 
Average                            -223.199420              -223.199      
Standard deviation                   16.878021                16.878      
Maximum                            -204.921595              -204.922      
Minimum                            -281.117233              -281.117      
Skewness                             -1.269142                -1.269      
Kurtosis                              4.346918                 4.347      

Solutions/trials                                                87/174
Convergence fraction                                         0.500
 

COUNTER ANALYSIS
Total iteration count                                       574561
Average count/LC                                               574
 

POST-FILTER CLASH ANALYSIS
Loop closure solutions with clashes remaining                    0
Fraction post-filter clashes                                 0.000
 
