
______________________________________________________________________________________________

mybasename_intel/1arbA.log                    Thu Feb 28 16:56:12 2019
______________________________________________________________________________________________

Input file:                                                   1arbA.pdb


SOLUTIONS/TRIALS IN GENERATION LOOP 
___________________________________________________________________________________________________
rmsd_avg_solutions	rmsd_avg_trials		solutions	 trials 	solutions/trials (%)
       31.24864	            23.85732	           1234	          10574	            11.67013 
___________________________________________________________________________________________________


MON's TIMERS 
___________________________________________________________________________________________________
   total      sum loop[ms]   init  %  begin  % inside  %    inf  %    RCD  %
  0.0000   0.0000   0.0000 0.0000 -nan 0.0000 -nan 0.0000 -nan 0.0000 -nan 0.0000 -nan
___________________________________________________________________________________________________

DATA PROTEIN LOOP
PDB abbreviation protein:                                    1arbA
Start residue loop itself                                      182
End residue loop itself                                        193
Begin anchor residue                                           181
End anchor residue                                             194
Chain ID                                                         A


PARAMETER SETTINGS
Number closures/pdb                                           1000
Maximum iteration count/closure                              13000
Maximum iteration count/perturbation cycle                     100
Index for saving a trajectory path                             995


SLOW TIMER
Number samples                                                1000
 
FAST TIMER STATISTICS         
 
--------------------------------------------------------------------------------
Parameter                       Exact (micros)       Rounded (micros)      
--------------------------------------------------------------------------------
 
Average                            1295.581000                  1296      
Standard deviation                 4924.269363                  4924      
Maximum                           36815.000000                 36815      
Minimum                               0.000000                     0      
Skewness                              4.246329                 4.246      
Kurtosis                             21.513504                21.514      
 
COUNTER STATISTICS            
 
--------------------------------------------------------------------------------
Parameter                                Exact               Rounded      
--------------------------------------------------------------------------------
 
Average                             488.369000                   489      
Standard deviation                 1864.377205                  1865      
Maximum                           12852.000000                 12852      
Minimum                               0.000000                     0      
Skewness                              4.186264                 4.186      
Kurtosis                             20.447824                20.448      
 
RMSD STATISTICS LOOP SOLUTIONS
 
--------------------------------------------------------------------------------
Parameter                      Exact (Angstrom)       Rounded (Angstrom)      
--------------------------------------------------------------------------------
 
Average                               4.157298                 4.157      
Standard deviation                    1.582643                 1.583      
Maximum                               7.056340                 7.056      
Minimum                               1.071254                 1.071      
Skewness                             -0.197768                -0.198      
Kurtosis                              1.710268                 1.710      
 
BUMP (PD2) ENERGY STATISTICS LOOP SOLUTIONS
 
--------------------------------------------------------------------------------
Parameter                      Exact (Angstrom)       Rounded (Angstrom)      
--------------------------------------------------------------------------------
 
Average                               0.000000                 0.000      
Standard deviation                    0.000000                 0.000      
Maximum                               0.000000                 0.000      
Minimum                               0.000000                 0.000      
Skewness                                  -nan                  -nan      
Kurtosis                                  -nan                  -nan      
 
BUMP (PD2) EXTRA ENERGY STATISTICS LOOP SOLUTIONS
 
--------------------------------------------------------------------------------
Parameter                      Exact (Angstrom)       Rounded (Angstrom)      
--------------------------------------------------------------------------------
 
Average                               0.000000                 0.000      
Standard deviation                    0.000000                 0.000      
Maximum                               0.000000                 0.000      
Minimum                               0.000000                 0.000      
Skewness                                  -nan                  -nan      
Kurtosis                                  -nan                  -nan      
 
BUMP (PD2) INTRA ENERGY STATISTICS LOOP SOLUTIONS
 
--------------------------------------------------------------------------------
Parameter                      Exact (Angstrom)       Rounded (Angstrom)      
--------------------------------------------------------------------------------
 
Average                               0.000000                 0.000      
Standard deviation                    0.000000                 0.000      
Maximum                               0.000000                 0.000      
Minimum                               0.000000                 0.000      
Skewness                                  -nan                  -nan      
Kurtosis                                  -nan                  -nan      
 
Score statistics for LOOP SOLUTIONS
 
--------------------------------------------------------------------------------
Parameter                      Exact (Angstrom)       Rounded (Angstrom)      
--------------------------------------------------------------------------------
 
Average                            -363.922831              -363.923      
Standard deviation                   27.089194                27.089      
Maximum                            -335.160159              -335.160      
Minimum                            -495.346442              -495.346      
Skewness                             -1.896363                -1.896      
Kurtosis                              8.089013                 8.089      

Solutions/trials                                                87/1234
Convergence fraction                                         0.071
 

COUNTER ANALYSIS
Total iteration count                                     12922342
Average count/LC                                             12922
 

POST-FILTER CLASH ANALYSIS
Loop closure solutions with clashes remaining                    0
Fraction post-filter clashes                                 0.000
 
