
______________________________________________________________________________________________

mybasename_intel/1c5eAB.log                   Thu Feb 28 16:56:17 2019
______________________________________________________________________________________________

Input file:                                                  1c5eAB.pdb


SOLUTIONS/TRIALS IN GENERATION LOOP 
___________________________________________________________________________________________________
rmsd_avg_solutions	rmsd_avg_trials		solutions	 trials 	solutions/trials (%)
       26.39912	            24.32966	            105	            156	            67.30769 
___________________________________________________________________________________________________


MON's TIMERS 
___________________________________________________________________________________________________
   total      sum loop[ms]   init  %  begin  % inside  %    inf  %    RCD  %
  0.0000   0.0000   0.0000 0.0000 -nan 0.0000 -nan 0.0000 -nan 0.0000 -nan 0.0000 -nan
___________________________________________________________________________________________________

DATA PROTEIN LOOP
PDB abbreviation protein:                                   1c5eAB
Start residue loop itself                                       82
End residue loop itself                                         93
Begin anchor residue                                            81
End anchor residue                                              94
Chain ID                                                         A


PARAMETER SETTINGS
Number closures/pdb                                           1000
Maximum iteration count/closure                              13000
Maximum iteration count/perturbation cycle                     100
Index for saving a trajectory path                             995


SLOW TIMER
Number samples                                                1000
 
FAST TIMER STATISTICS         
 
--------------------------------------------------------------------------------
Parameter                       Exact (micros)       Rounded (micros)      
--------------------------------------------------------------------------------
 
Average                             266.051000                   266      
Standard deviation                 1105.487914                  1105      
Maximum                           13794.000000                 13794      
Minimum                               0.000000                     0      
Skewness                              5.687554                 5.688      
Kurtosis                             43.953390                43.953      
 
COUNTER STATISTICS            
 
--------------------------------------------------------------------------------
Parameter                                Exact               Rounded      
--------------------------------------------------------------------------------
 
Average                             102.065000                   103      
Standard deviation                  443.320500                   444      
Maximum                            4835.000000                  4835      
Minimum                               0.000000                     0      
Skewness                              5.670042                 5.670      
Kurtosis                             40.494114                40.494      
 
RMSD STATISTICS LOOP SOLUTIONS
 
--------------------------------------------------------------------------------
Parameter                      Exact (Angstrom)       Rounded (Angstrom)      
--------------------------------------------------------------------------------
 
Average                               5.183730                 5.184      
Standard deviation                    1.913767                 1.914      
Maximum                              11.323393                11.323      
Minimum                               2.156957                 2.157      
Skewness                              0.897395                 0.897      
Kurtosis                              3.868219                 3.868      
 
BUMP (PD2) ENERGY STATISTICS LOOP SOLUTIONS
 
--------------------------------------------------------------------------------
Parameter                      Exact (Angstrom)       Rounded (Angstrom)      
--------------------------------------------------------------------------------
 
Average                               0.000000                 0.000      
Standard deviation                    0.000000                 0.000      
Maximum                               0.000000                 0.000      
Minimum                               0.000000                 0.000      
Skewness                                  -nan                  -nan      
Kurtosis                                  -nan                  -nan      
 
BUMP (PD2) EXTRA ENERGY STATISTICS LOOP SOLUTIONS
 
--------------------------------------------------------------------------------
Parameter                      Exact (Angstrom)       Rounded (Angstrom)      
--------------------------------------------------------------------------------
 
Average                               0.000000                 0.000      
Standard deviation                    0.000000                 0.000      
Maximum                               0.000000                 0.000      
Minimum                               0.000000                 0.000      
Skewness                                  -nan                  -nan      
Kurtosis                                  -nan                  -nan      
 
BUMP (PD2) INTRA ENERGY STATISTICS LOOP SOLUTIONS
 
--------------------------------------------------------------------------------
Parameter                      Exact (Angstrom)       Rounded (Angstrom)      
--------------------------------------------------------------------------------
 
Average                               0.000000                 0.000      
Standard deviation                    0.000000                 0.000      
Maximum                               0.000000                 0.000      
Minimum                               0.000000                 0.000      
Skewness                                  -nan                  -nan      
Kurtosis                                  -nan                  -nan      
 
Score statistics for LOOP SOLUTIONS
 
--------------------------------------------------------------------------------
Parameter                      Exact (Angstrom)       Rounded (Angstrom)      
--------------------------------------------------------------------------------
 
Average                            -205.830925              -205.831      
Standard deviation                   25.204497                25.204      
Maximum                            -178.178546              -178.179      
Minimum                            -312.065233              -312.065      
Skewness                             -1.538919                -1.539      
Kurtosis                              5.669647                 5.670      

Solutions/trials                                                87/105
Convergence fraction                                         0.829
 

COUNTER ANALYSIS
Total iteration count                                       122581
Average count/LC                                               122
 

POST-FILTER CLASH ANALYSIS
Loop closure solutions with clashes remaining                    0
Fraction post-filter clashes                                 0.000
 
