
______________________________________________________________________________________________

mybasename_intel/1cb0A.log                    Thu Feb 28 16:56:19 2019
______________________________________________________________________________________________

Input file:                                                   1cb0A.pdb


SOLUTIONS/TRIALS IN GENERATION LOOP 
___________________________________________________________________________________________________
rmsd_avg_solutions	rmsd_avg_trials		solutions	 trials 	solutions/trials (%)
       23.43456	            21.18187	            258	            418	            61.72249 
___________________________________________________________________________________________________


MON's TIMERS 
___________________________________________________________________________________________________
   total      sum loop[ms]   init  %  begin  % inside  %    inf  %    RCD  %
  0.0000   0.0000   0.0000 0.0000 -nan 0.0000 -nan 0.0000 -nan 0.0000 -nan 0.0000 -nan
___________________________________________________________________________________________________

DATA PROTEIN LOOP
PDB abbreviation protein:                                    1cb0A
Start residue loop itself                                       33
End residue loop itself                                         44
Begin anchor residue                                            32
End anchor residue                                              45
Chain ID                                                         A


PARAMETER SETTINGS
Number closures/pdb                                           1000
Maximum iteration count/closure                              13000
Maximum iteration count/perturbation cycle                     100
Index for saving a trajectory path                             995


SLOW TIMER
Number samples                                                1000
 
FAST TIMER STATISTICS         
 
--------------------------------------------------------------------------------
Parameter                       Exact (micros)       Rounded (micros)      
--------------------------------------------------------------------------------
 
Average                             235.141000                   235      
Standard deviation                  996.952355                   997      
Maximum                           10842.000000                 10842      
Minimum                               0.000000                     0      
Skewness                              6.028321                 6.028      
Kurtosis                             46.700238                46.700      
 
COUNTER STATISTICS            
 
--------------------------------------------------------------------------------
Parameter                                Exact               Rounded      
--------------------------------------------------------------------------------
 
Average                              87.177000                    88      
Standard deviation                  394.455217                   395      
Maximum                            4794.000000                  4794      
Minimum                               0.000000                     0      
Skewness                              6.802348                 6.802      
Kurtosis                             60.571226                60.571      
 
RMSD STATISTICS LOOP SOLUTIONS
 
--------------------------------------------------------------------------------
Parameter                      Exact (Angstrom)       Rounded (Angstrom)      
--------------------------------------------------------------------------------
 
Average                               5.077924                 5.078      
Standard deviation                    1.947300                 1.947      
Maximum                              11.022595                11.023      
Minimum                               1.825445                 1.825      
Skewness                              0.955917                 0.956      
Kurtosis                              3.698671                 3.699      
 
BUMP (PD2) ENERGY STATISTICS LOOP SOLUTIONS
 
--------------------------------------------------------------------------------
Parameter                      Exact (Angstrom)       Rounded (Angstrom)      
--------------------------------------------------------------------------------
 
Average                               0.000000                 0.000      
Standard deviation                    0.000000                 0.000      
Maximum                               0.000000                 0.000      
Minimum                               0.000000                 0.000      
Skewness                                  -nan                  -nan      
Kurtosis                                  -nan                  -nan      
 
BUMP (PD2) EXTRA ENERGY STATISTICS LOOP SOLUTIONS
 
--------------------------------------------------------------------------------
Parameter                      Exact (Angstrom)       Rounded (Angstrom)      
--------------------------------------------------------------------------------
 
Average                               0.000000                 0.000      
Standard deviation                    0.000000                 0.000      
Maximum                               0.000000                 0.000      
Minimum                               0.000000                 0.000      
Skewness                                  -nan                  -nan      
Kurtosis                                  -nan                  -nan      
 
BUMP (PD2) INTRA ENERGY STATISTICS LOOP SOLUTIONS
 
--------------------------------------------------------------------------------
Parameter                      Exact (Angstrom)       Rounded (Angstrom)      
--------------------------------------------------------------------------------
 
Average                               0.000000                 0.000      
Standard deviation                    0.000000                 0.000      
Maximum                               0.000000                 0.000      
Minimum                               0.000000                 0.000      
Skewness                                  -nan                  -nan      
Kurtosis                                  -nan                  -nan      
 
Score statistics for LOOP SOLUTIONS
 
--------------------------------------------------------------------------------
Parameter                      Exact (Angstrom)       Rounded (Angstrom)      
--------------------------------------------------------------------------------
 
Average                            -217.704837              -217.705      
Standard deviation                   21.463756                21.464      
Maximum                            -192.302912              -192.303      
Minimum                            -295.152955              -295.153      
Skewness                             -1.206175                -1.206      
Kurtosis                              4.358625                 4.359      

Solutions/trials                                                87/258
Convergence fraction                                         0.337
 

COUNTER ANALYSIS
Total iteration count                                       313981
Average count/LC                                               313
 

POST-FILTER CLASH ANALYSIS
Loop closure solutions with clashes remaining                    0
Fraction post-filter clashes                                 0.000
 
