
______________________________________________________________________________________________

mybasename_intel/1cnvA.log                    Thu Feb 28 16:56:21 2019
______________________________________________________________________________________________

Input file:                                                   1cnvA.pdb


SOLUTIONS/TRIALS IN GENERATION LOOP 
___________________________________________________________________________________________________
rmsd_avg_solutions	rmsd_avg_trials		solutions	 trials 	solutions/trials (%)
       27.27524	            22.06370	            243	           1278	            19.01408 
___________________________________________________________________________________________________


MON's TIMERS 
___________________________________________________________________________________________________
   total      sum loop[ms]   init  %  begin  % inside  %    inf  %    RCD  %
  0.0000   0.0000   0.0000 0.0000 -nan 0.0000 -nan 0.0000 -nan 0.0000 -nan 0.0000 -nan
___________________________________________________________________________________________________

DATA PROTEIN LOOP
PDB abbreviation protein:                                    1cnvA
Start residue loop itself                                      188
End residue loop itself                                        199
Begin anchor residue                                           187
End anchor residue                                             200
Chain ID                                                         A


PARAMETER SETTINGS
Number closures/pdb                                           1000
Maximum iteration count/closure                              13000
Maximum iteration count/perturbation cycle                     100
Index for saving a trajectory path                             995


SLOW TIMER
Number samples                                                1000
 
FAST TIMER STATISTICS         
 
--------------------------------------------------------------------------------
Parameter                       Exact (micros)       Rounded (micros)      
--------------------------------------------------------------------------------
 
Average                             575.671000                   576      
Standard deviation                 2602.592372                  2603      
Maximum                           30344.000000                 30344      
Minimum                               0.000000                     0      
Skewness                              6.179380                 6.179      
Kurtosis                             47.945370                47.945      
 
COUNTER STATISTICS            
 
--------------------------------------------------------------------------------
Parameter                                Exact               Rounded      
--------------------------------------------------------------------------------
 
Average                             225.247000                   226      
Standard deviation                 1050.394659                  1051      
Maximum                           12164.000000                 12164      
Minimum                               0.000000                     0      
Skewness                              6.311274                 6.311      
Kurtosis                             49.319306                49.319      
 
RMSD STATISTICS LOOP SOLUTIONS
 
--------------------------------------------------------------------------------
Parameter                      Exact (Angstrom)       Rounded (Angstrom)      
--------------------------------------------------------------------------------
 
Average                               4.728588                 4.729      
Standard deviation                    1.071009                 1.071      
Maximum                               7.963073                 7.963      
Minimum                               2.383859                 2.384      
Skewness                              0.312501                 0.313      
Kurtosis                              2.925058                 2.925      
 
BUMP (PD2) ENERGY STATISTICS LOOP SOLUTIONS
 
--------------------------------------------------------------------------------
Parameter                      Exact (Angstrom)       Rounded (Angstrom)      
--------------------------------------------------------------------------------
 
Average                               0.000000                 0.000      
Standard deviation                    0.000000                 0.000      
Maximum                               0.000000                 0.000      
Minimum                               0.000000                 0.000      
Skewness                                  -nan                  -nan      
Kurtosis                                  -nan                  -nan      
 
BUMP (PD2) EXTRA ENERGY STATISTICS LOOP SOLUTIONS
 
--------------------------------------------------------------------------------
Parameter                      Exact (Angstrom)       Rounded (Angstrom)      
--------------------------------------------------------------------------------
 
Average                               0.000000                 0.000      
Standard deviation                    0.000000                 0.000      
Maximum                               0.000000                 0.000      
Minimum                               0.000000                 0.000      
Skewness                                  -nan                  -nan      
Kurtosis                                  -nan                  -nan      
 
BUMP (PD2) INTRA ENERGY STATISTICS LOOP SOLUTIONS
 
--------------------------------------------------------------------------------
Parameter                      Exact (Angstrom)       Rounded (Angstrom)      
--------------------------------------------------------------------------------
 
Average                               0.000000                 0.000      
Standard deviation                    0.000000                 0.000      
Maximum                               0.000000                 0.000      
Minimum                               0.000000                 0.000      
Skewness                                  -nan                  -nan      
Kurtosis                                  -nan                  -nan      
 
Score statistics for LOOP SOLUTIONS
 
--------------------------------------------------------------------------------
Parameter                      Exact (Angstrom)       Rounded (Angstrom)      
--------------------------------------------------------------------------------
 
Average                            -302.382864              -302.383      
Standard deviation                   28.308336                28.308      
Maximum                            -272.128841              -272.129      
Minimum                            -402.209705              -402.210      
Skewness                             -1.327670                -1.328      
Kurtosis                              4.524530                 4.525      

Solutions/trials                                                87/243
Convergence fraction                                         0.358
 

COUNTER ANALYSIS
Total iteration count                                       748121
Average count/LC                                               748
 

POST-FILTER CLASH ANALYSIS
Loop closure solutions with clashes remaining                    0
Fraction post-filter clashes                                 0.000
 
