
______________________________________________________________________________________________

mybasename_intel/1dqzA.log                    Thu Feb 28 16:56:28 2019
______________________________________________________________________________________________

Input file:                                                   1dqzA.pdb


SOLUTIONS/TRIALS IN GENERATION LOOP 
___________________________________________________________________________________________________
rmsd_avg_solutions	rmsd_avg_trials		solutions	 trials 	solutions/trials (%)
       26.12842	            21.24142	            362	           7042	             5.14058 
___________________________________________________________________________________________________


MON's TIMERS 
___________________________________________________________________________________________________
   total      sum loop[ms]   init  %  begin  % inside  %    inf  %    RCD  %
  0.0000   0.0000   0.0000 0.0000 -nan 0.0000 -nan 0.0000 -nan 0.0000 -nan 0.0000 -nan
___________________________________________________________________________________________________

DATA PROTEIN LOOP
PDB abbreviation protein:                                    1dqzA
Start residue loop itself                                      209
End residue loop itself                                        220
Begin anchor residue                                           208
End anchor residue                                             221
Chain ID                                                         A


PARAMETER SETTINGS
Number closures/pdb                                           1000
Maximum iteration count/closure                              13000
Maximum iteration count/perturbation cycle                     100
Index for saving a trajectory path                             995


SLOW TIMER
Number samples                                                1000
 
FAST TIMER STATISTICS         
 
--------------------------------------------------------------------------------
Parameter                       Exact (micros)       Rounded (micros)      
--------------------------------------------------------------------------------
 
Average                             616.267000                   616      
Standard deviation                 2911.857203                  2912      
Maximum                           30666.000000                 30666      
Minimum                               0.000000                     0      
Skewness                              6.608512                 6.609      
Kurtosis                             53.050006                53.050      
 
COUNTER STATISTICS            
 
--------------------------------------------------------------------------------
Parameter                                Exact               Rounded      
--------------------------------------------------------------------------------
 
Average                             228.997000                   229      
Standard deviation                 1134.187907                  1135      
Maximum                           12212.000000                 12212      
Minimum                               0.000000                     0      
Skewness                              6.716297                 6.716      
Kurtosis                             54.067535                54.068      
 
RMSD STATISTICS LOOP SOLUTIONS
 
--------------------------------------------------------------------------------
Parameter                      Exact (Angstrom)       Rounded (Angstrom)      
--------------------------------------------------------------------------------
 
Average                               6.621677                 6.622      
Standard deviation                    2.482973                 2.483      
Maximum                              11.517049                11.517      
Minimum                               1.659937                 1.660      
Skewness                             -0.469450                -0.469      
Kurtosis                              2.001829                 2.002      
 
BUMP (PD2) ENERGY STATISTICS LOOP SOLUTIONS
 
--------------------------------------------------------------------------------
Parameter                      Exact (Angstrom)       Rounded (Angstrom)      
--------------------------------------------------------------------------------
 
Average                               0.000000                 0.000      
Standard deviation                    0.000000                 0.000      
Maximum                               0.000000                 0.000      
Minimum                               0.000000                 0.000      
Skewness                                  -nan                  -nan      
Kurtosis                                  -nan                  -nan      
 
BUMP (PD2) EXTRA ENERGY STATISTICS LOOP SOLUTIONS
 
--------------------------------------------------------------------------------
Parameter                      Exact (Angstrom)       Rounded (Angstrom)      
--------------------------------------------------------------------------------
 
Average                               0.000000                 0.000      
Standard deviation                    0.000000                 0.000      
Maximum                               0.000000                 0.000      
Minimum                               0.000000                 0.000      
Skewness                                  -nan                  -nan      
Kurtosis                                  -nan                  -nan      
 
BUMP (PD2) INTRA ENERGY STATISTICS LOOP SOLUTIONS
 
--------------------------------------------------------------------------------
Parameter                      Exact (Angstrom)       Rounded (Angstrom)      
--------------------------------------------------------------------------------
 
Average                               0.000000                 0.000      
Standard deviation                    0.000000                 0.000      
Maximum                               0.000000                 0.000      
Minimum                               0.000000                 0.000      
Skewness                                  -nan                  -nan      
Kurtosis                                  -nan                  -nan      
 
Score statistics for LOOP SOLUTIONS
 
--------------------------------------------------------------------------------
Parameter                      Exact (Angstrom)       Rounded (Angstrom)      
--------------------------------------------------------------------------------
 
Average                            -271.560584              -271.561      
Standard deviation                   20.599635                20.600      
Maximum                            -244.399680              -244.400      
Minimum                            -321.376529              -321.377      
Skewness                             -0.618620                -0.619      
Kurtosis                              2.399042                 2.399      

Solutions/trials                                                87/362
Convergence fraction                                         0.240
 

COUNTER ANALYSIS
Total iteration count                                      2109742
Average count/LC                                              2109
 

POST-FILTER CLASH ANALYSIS
Loop closure solutions with clashes remaining                    0
Fraction post-filter clashes                                 0.000
 
