
______________________________________________________________________________________________

mybasename_intel/1exmA.log                    Thu Feb 28 16:56:30 2019
______________________________________________________________________________________________

Input file:                                                   1exmA.pdb


SOLUTIONS/TRIALS IN GENERATION LOOP 
___________________________________________________________________________________________________
rmsd_avg_solutions	rmsd_avg_trials		solutions	 trials 	solutions/trials (%)
       25.96474	            23.96880	            146	            843	            17.31910 
___________________________________________________________________________________________________


MON's TIMERS 
___________________________________________________________________________________________________
   total      sum loop[ms]   init  %  begin  % inside  %    inf  %    RCD  %
  0.0000   0.0000   0.0000 0.0000 -nan 0.0000 -nan 0.0000 -nan 0.0000 -nan 0.0000 -nan
___________________________________________________________________________________________________

DATA PROTEIN LOOP
PDB abbreviation protein:                                    1exmA
Start residue loop itself                                      291
End residue loop itself                                        302
Begin anchor residue                                           290
End anchor residue                                             303
Chain ID                                                         A


PARAMETER SETTINGS
Number closures/pdb                                           1000
Maximum iteration count/closure                              13000
Maximum iteration count/perturbation cycle                     100
Index for saving a trajectory path                             995


SLOW TIMER
Number samples                                                1000
 
FAST TIMER STATISTICS         
 
--------------------------------------------------------------------------------
Parameter                       Exact (micros)       Rounded (micros)      
--------------------------------------------------------------------------------
 
Average                             401.623000                   402      
Standard deviation                 1803.824660                  1804      
Maximum                           24547.000000                 24547      
Minimum                               0.000000                     0      
Skewness                              6.555733                 6.556      
Kurtosis                             57.710226                57.710      
 
COUNTER STATISTICS            
 
--------------------------------------------------------------------------------
Parameter                                Exact               Rounded      
--------------------------------------------------------------------------------
 
Average                             147.878000                   148      
Standard deviation                  725.230123                   726      
Maximum                           10717.000000                 10717      
Minimum                               0.000000                     0      
Skewness                              7.362771                 7.363      
Kurtosis                             73.013308                73.013      
 
RMSD STATISTICS LOOP SOLUTIONS
 
--------------------------------------------------------------------------------
Parameter                      Exact (Angstrom)       Rounded (Angstrom)      
--------------------------------------------------------------------------------
 
Average                               3.497253                 3.497      
Standard deviation                    0.940438                 0.940      
Maximum                               5.659032                 5.659      
Minimum                               1.631717                 1.632      
Skewness                              0.426577                 0.427      
Kurtosis                              2.470563                 2.471      
 
BUMP (PD2) ENERGY STATISTICS LOOP SOLUTIONS
 
--------------------------------------------------------------------------------
Parameter                      Exact (Angstrom)       Rounded (Angstrom)      
--------------------------------------------------------------------------------
 
Average                               0.000000                 0.000      
Standard deviation                    0.000000                 0.000      
Maximum                               0.000000                 0.000      
Minimum                               0.000000                 0.000      
Skewness                                  -nan                  -nan      
Kurtosis                                  -nan                  -nan      
 
BUMP (PD2) EXTRA ENERGY STATISTICS LOOP SOLUTIONS
 
--------------------------------------------------------------------------------
Parameter                      Exact (Angstrom)       Rounded (Angstrom)      
--------------------------------------------------------------------------------
 
Average                               0.000000                 0.000      
Standard deviation                    0.000000                 0.000      
Maximum                               0.000000                 0.000      
Minimum                               0.000000                 0.000      
Skewness                                  -nan                  -nan      
Kurtosis                                  -nan                  -nan      
 
BUMP (PD2) INTRA ENERGY STATISTICS LOOP SOLUTIONS
 
--------------------------------------------------------------------------------
Parameter                      Exact (Angstrom)       Rounded (Angstrom)      
--------------------------------------------------------------------------------
 
Average                               0.000000                 0.000      
Standard deviation                    0.000000                 0.000      
Maximum                               0.000000                 0.000      
Minimum                               0.000000                 0.000      
Skewness                                  -nan                  -nan      
Kurtosis                                  -nan                  -nan      
 
Score statistics for LOOP SOLUTIONS
 
--------------------------------------------------------------------------------
Parameter                      Exact (Angstrom)       Rounded (Angstrom)      
--------------------------------------------------------------------------------
 
Average                            -314.372071              -314.372      
Standard deviation                   27.551828                27.552      
Maximum                            -283.194992              -283.195      
Minimum                            -430.663210              -430.663      
Skewness                             -1.460881                -1.461      
Kurtosis                              5.787871                 5.788      

Solutions/trials                                                87/146
Convergence fraction                                         0.596
 

COUNTER ANALYSIS
Total iteration count                                       311108
Average count/LC                                               311
 

POST-FILTER CLASH ANALYSIS
Loop closure solutions with clashes remaining                    0
Fraction post-filter clashes                                 0.000
 
