
______________________________________________________________________________________________

mybasename_intel/1M3Sabcd.log                 Thu Feb 28 16:56:58 2019
______________________________________________________________________________________________

Input file:                                                1M3Sabcd.pdb


SOLUTIONS/TRIALS IN GENERATION LOOP 
___________________________________________________________________________________________________
rmsd_avg_solutions	rmsd_avg_trials		solutions	 trials 	solutions/trials (%)
       32.81293	            28.65923	            179	            683	            26.20791 
___________________________________________________________________________________________________


MON's TIMERS 
___________________________________________________________________________________________________
   total      sum loop[ms]   init  %  begin  % inside  %    inf  %    RCD  %
  0.0000   0.0000   0.0000 0.0000 -nan 0.0000 -nan 0.0000 -nan 0.0000 -nan 0.0000 -nan
___________________________________________________________________________________________________

DATA PROTEIN LOOP
PDB abbreviation protein:                                 1M3Sabcd
Start residue loop itself                                       68
End residue loop itself                                         79
Begin anchor residue                                            67
End anchor residue                                              80
Chain ID                                                         A


PARAMETER SETTINGS
Number closures/pdb                                           1000
Maximum iteration count/closure                              13000
Maximum iteration count/perturbation cycle                     100
Index for saving a trajectory path                             995


SLOW TIMER
Number samples                                                1000
 
FAST TIMER STATISTICS         
 
--------------------------------------------------------------------------------
Parameter                       Exact (micros)       Rounded (micros)      
--------------------------------------------------------------------------------
 
Average                             828.771000                   829      
Standard deviation                 3356.384082                  3356      
Maximum                           33446.000000                 33446      
Minimum                               0.000000                     0      
Skewness                              5.048655                 5.049      
Kurtosis                             32.170558                32.171      
 
COUNTER STATISTICS            
 
--------------------------------------------------------------------------------
Parameter                                Exact               Rounded      
--------------------------------------------------------------------------------
 
Average                             306.230000                   307      
Standard deviation                 1277.402569                  1278      
Maximum                           12484.000000                 12484      
Minimum                               0.000000                     0      
Skewness                              5.268587                 5.269      
Kurtosis                             34.436363                34.436      
 
RMSD STATISTICS LOOP SOLUTIONS
 
--------------------------------------------------------------------------------
Parameter                      Exact (Angstrom)       Rounded (Angstrom)      
--------------------------------------------------------------------------------
 
Average                               2.128388                 2.128      
Standard deviation                    0.951294                 0.951      
Maximum                               7.005880                 7.006      
Minimum                               0.839287                 0.839      
Skewness                              2.161726                 2.162      
Kurtosis                             10.207957                10.208      
 
BUMP (PD2) ENERGY STATISTICS LOOP SOLUTIONS
 
--------------------------------------------------------------------------------
Parameter                      Exact (Angstrom)       Rounded (Angstrom)      
--------------------------------------------------------------------------------
 
Average                               0.000000                 0.000      
Standard deviation                    0.000000                 0.000      
Maximum                               0.000000                 0.000      
Minimum                               0.000000                 0.000      
Skewness                                  -nan                  -nan      
Kurtosis                                  -nan                  -nan      
 
BUMP (PD2) EXTRA ENERGY STATISTICS LOOP SOLUTIONS
 
--------------------------------------------------------------------------------
Parameter                      Exact (Angstrom)       Rounded (Angstrom)      
--------------------------------------------------------------------------------
 
Average                               0.000000                 0.000      
Standard deviation                    0.000000                 0.000      
Maximum                               0.000000                 0.000      
Minimum                               0.000000                 0.000      
Skewness                                  -nan                  -nan      
Kurtosis                                  -nan                  -nan      
 
BUMP (PD2) INTRA ENERGY STATISTICS LOOP SOLUTIONS
 
--------------------------------------------------------------------------------
Parameter                      Exact (Angstrom)       Rounded (Angstrom)      
--------------------------------------------------------------------------------
 
Average                               0.000000                 0.000      
Standard deviation                    0.000000                 0.000      
Maximum                               0.000000                 0.000      
Minimum                               0.000000                 0.000      
Skewness                                  -nan                  -nan      
Kurtosis                                  -nan                  -nan      
 
Score statistics for LOOP SOLUTIONS
 
--------------------------------------------------------------------------------
Parameter                      Exact (Angstrom)       Rounded (Angstrom)      
--------------------------------------------------------------------------------
 
Average                            -302.577453              -302.577      
Standard deviation                   18.697536                18.698      
Maximum                            -280.695412              -280.695      
Minimum                            -368.456516              -368.457      
Skewness                             -1.493164                -1.493      
Kurtosis                              5.416571                 5.417      

Solutions/trials                                                87/179
Convergence fraction                                         0.486
 

COUNTER ANALYSIS
Total iteration count                                      1030101
Average count/LC                                              1030
 

POST-FILTER CLASH ANALYSIS
Loop closure solutions with clashes remaining                    0
Fraction post-filter clashes                                 0.000
 
