
______________________________________________________________________________________________

mybasename_intel/1ms9A.log                    Thu Feb 28 16:57:36 2019
______________________________________________________________________________________________

Input file:                                                   1ms9A.pdb


SOLUTIONS/TRIALS IN GENERATION LOOP 
___________________________________________________________________________________________________
rmsd_avg_solutions	rmsd_avg_trials		solutions	 trials 	solutions/trials (%)
       35.74701	            32.04998	           1379	           5046	            27.32858 
___________________________________________________________________________________________________


MON's TIMERS 
___________________________________________________________________________________________________
   total      sum loop[ms]   init  %  begin  % inside  %    inf  %    RCD  %
  0.0000   0.0000   0.0000 0.0000 -nan 0.0000 -nan 0.0000 -nan 0.0000 -nan 0.0000 -nan
___________________________________________________________________________________________________

DATA PROTEIN LOOP
PDB abbreviation protein:                                    1ms9A
Start residue loop itself                                      529
End residue loop itself                                        540
Begin anchor residue                                           528
End anchor residue                                             541
Chain ID                                                         A


PARAMETER SETTINGS
Number closures/pdb                                           1000
Maximum iteration count/closure                              13000
Maximum iteration count/perturbation cycle                     100
Index for saving a trajectory path                             995


SLOW TIMER
Number samples                                                1000
 
FAST TIMER STATISTICS         
 
--------------------------------------------------------------------------------
Parameter                       Exact (micros)       Rounded (micros)      
--------------------------------------------------------------------------------
 
Average                            1447.367000                  1447      
Standard deviation                 5381.575651                  5382      
Maximum                           34480.000000                 34480      
Minimum                               0.000000                     0      
Skewness                              3.996382                 3.996      
Kurtosis                             18.551833                18.552      
 
COUNTER STATISTICS            
 
--------------------------------------------------------------------------------
Parameter                                Exact               Rounded      
--------------------------------------------------------------------------------
 
Average                             561.396000                   562      
Standard deviation                 2098.354207                  2099      
Maximum                           12823.000000                 12823      
Minimum                               0.000000                     0      
Skewness                              3.991983                 3.992      
Kurtosis                             18.361679                18.362      
 
RMSD STATISTICS LOOP SOLUTIONS
 
--------------------------------------------------------------------------------
Parameter                      Exact (Angstrom)       Rounded (Angstrom)      
--------------------------------------------------------------------------------
 
Average                               1.986159                 1.986      
Standard deviation                    0.495953                 0.496      
Maximum                               2.930174                 2.930      
Minimum                               0.806925                 0.807      
Skewness                             -0.158199                -0.158      
Kurtosis                              2.350125                 2.350      
 
BUMP (PD2) ENERGY STATISTICS LOOP SOLUTIONS
 
--------------------------------------------------------------------------------
Parameter                      Exact (Angstrom)       Rounded (Angstrom)      
--------------------------------------------------------------------------------
 
Average                               0.000000                 0.000      
Standard deviation                    0.000000                 0.000      
Maximum                               0.000000                 0.000      
Minimum                               0.000000                 0.000      
Skewness                                  -nan                  -nan      
Kurtosis                                  -nan                  -nan      
 
BUMP (PD2) EXTRA ENERGY STATISTICS LOOP SOLUTIONS
 
--------------------------------------------------------------------------------
Parameter                      Exact (Angstrom)       Rounded (Angstrom)      
--------------------------------------------------------------------------------
 
Average                               0.000000                 0.000      
Standard deviation                    0.000000                 0.000      
Maximum                               0.000000                 0.000      
Minimum                               0.000000                 0.000      
Skewness                                  -nan                  -nan      
Kurtosis                                  -nan                  -nan      
 
BUMP (PD2) INTRA ENERGY STATISTICS LOOP SOLUTIONS
 
--------------------------------------------------------------------------------
Parameter                      Exact (Angstrom)       Rounded (Angstrom)      
--------------------------------------------------------------------------------
 
Average                               0.000000                 0.000      
Standard deviation                    0.000000                 0.000      
Maximum                               0.000000                 0.000      
Minimum                               0.000000                 0.000      
Skewness                                  -nan                  -nan      
Kurtosis                                  -nan                  -nan      
 
Score statistics for LOOP SOLUTIONS
 
--------------------------------------------------------------------------------
Parameter                      Exact (Angstrom)       Rounded (Angstrom)      
--------------------------------------------------------------------------------
 
Average                            -399.453834              -399.454      
Standard deviation                   17.379031                17.379      
Maximum                            -378.780153              -378.780      
Minimum                            -455.593008              -455.593      
Skewness                             -1.125703                -1.126      
Kurtosis                              3.808384                 3.808      

Solutions/trials                                                87/1379
Convergence fraction                                         0.063
 

COUNTER ANALYSIS
Total iteration count                                     15053557
Average count/LC                                             15053
 

POST-FILTER CLASH ANALYSIS
Loop closure solutions with clashes remaining                    0
Fraction post-filter clashes                                 0.000
 
