
______________________________________________________________________________________________

mybasename_intel/1my7A.log                    Thu Feb 28 16:57:39 2019
______________________________________________________________________________________________

Input file:                                                   1my7A.pdb


SOLUTIONS/TRIALS IN GENERATION LOOP 
___________________________________________________________________________________________________
rmsd_avg_solutions	rmsd_avg_trials		solutions	 trials 	solutions/trials (%)
       27.42158	            19.89342	            258	           1985	            12.99748 
___________________________________________________________________________________________________


MON's TIMERS 
___________________________________________________________________________________________________
   total      sum loop[ms]   init  %  begin  % inside  %    inf  %    RCD  %
  0.0000   0.0000   0.0000 0.0000 -nan 0.0000 -nan 0.0000 -nan 0.0000 -nan 0.0000 -nan
___________________________________________________________________________________________________

DATA PROTEIN LOOP
PDB abbreviation protein:                                    1my7A
Start residue loop itself                                      254
End residue loop itself                                        265
Begin anchor residue                                           253
End anchor residue                                             266
Chain ID                                                         A


PARAMETER SETTINGS
Number closures/pdb                                           1000
Maximum iteration count/closure                              13000
Maximum iteration count/perturbation cycle                     100
Index for saving a trajectory path                             995


SLOW TIMER
Number samples                                                1000
 
FAST TIMER STATISTICS         
 
--------------------------------------------------------------------------------
Parameter                       Exact (micros)       Rounded (micros)      
--------------------------------------------------------------------------------
 
Average                             530.081000                   530      
Standard deviation                 2695.237769                  2695      
Maximum                           31554.000000                 31554      
Minimum                               0.000000                     0      
Skewness                              7.405332                 7.405      
Kurtosis                             66.598520                66.599      
 
COUNTER STATISTICS            
 
--------------------------------------------------------------------------------
Parameter                                Exact               Rounded      
--------------------------------------------------------------------------------
 
Average                             236.410000                   237      
Standard deviation                 1177.114922                  1178      
Maximum                           12716.000000                 12716      
Minimum                               0.000000                     0      
Skewness                              6.723849                 6.724      
Kurtosis                             53.814266                53.814      
 
RMSD STATISTICS LOOP SOLUTIONS
 
--------------------------------------------------------------------------------
Parameter                      Exact (Angstrom)       Rounded (Angstrom)      
--------------------------------------------------------------------------------
 
Average                               2.733584                 2.734      
Standard deviation                    0.660383                 0.660      
Maximum                               4.649000                 4.649      
Minimum                               1.221229                 1.221      
Skewness                              0.092159                 0.092      
Kurtosis                              2.873656                 2.874      
 
BUMP (PD2) ENERGY STATISTICS LOOP SOLUTIONS
 
--------------------------------------------------------------------------------
Parameter                      Exact (Angstrom)       Rounded (Angstrom)      
--------------------------------------------------------------------------------
 
Average                               0.000000                 0.000      
Standard deviation                    0.000000                 0.000      
Maximum                               0.000000                 0.000      
Minimum                               0.000000                 0.000      
Skewness                                  -nan                  -nan      
Kurtosis                                  -nan                  -nan      
 
BUMP (PD2) EXTRA ENERGY STATISTICS LOOP SOLUTIONS
 
--------------------------------------------------------------------------------
Parameter                      Exact (Angstrom)       Rounded (Angstrom)      
--------------------------------------------------------------------------------
 
Average                               0.000000                 0.000      
Standard deviation                    0.000000                 0.000      
Maximum                               0.000000                 0.000      
Minimum                               0.000000                 0.000      
Skewness                                  -nan                  -nan      
Kurtosis                                  -nan                  -nan      
 
BUMP (PD2) INTRA ENERGY STATISTICS LOOP SOLUTIONS
 
--------------------------------------------------------------------------------
Parameter                      Exact (Angstrom)       Rounded (Angstrom)      
--------------------------------------------------------------------------------
 
Average                               0.000000                 0.000      
Standard deviation                    0.000000                 0.000      
Maximum                               0.000000                 0.000      
Minimum                               0.000000                 0.000      
Skewness                                  -nan                  -nan      
Kurtosis                                  -nan                  -nan      
 
Score statistics for LOOP SOLUTIONS
 
--------------------------------------------------------------------------------
Parameter                      Exact (Angstrom)       Rounded (Angstrom)      
--------------------------------------------------------------------------------
 
Average                            -353.495393              -353.495      
Standard deviation                   16.112252                16.112      
Maximum                            -337.675783              -337.676      
Minimum                            -421.774474              -421.774      
Skewness                             -1.911193                -1.911      
Kurtosis                              7.072099                 7.072      

Solutions/trials                                                87/258
Convergence fraction                                         0.337
 

COUNTER ANALYSIS
Total iteration count                                      1205246
Average count/LC                                              1205
 

POST-FILTER CLASH ANALYSIS
Loop closure solutions with clashes remaining                    0
Fraction post-filter clashes                                 0.000
 
