
______________________________________________________________________________________________

mybasename_intel/1t1dA.log                    Thu Feb 28 16:57:46 2019
______________________________________________________________________________________________

Input file:                                                   1t1dA.pdb


SOLUTIONS/TRIALS IN GENERATION LOOP 
___________________________________________________________________________________________________
rmsd_avg_solutions	rmsd_avg_trials		solutions	 trials 	solutions/trials (%)
       32.75138	            30.76507	             94	            159	            59.11950 
___________________________________________________________________________________________________


MON's TIMERS 
___________________________________________________________________________________________________
   total      sum loop[ms]   init  %  begin  % inside  %    inf  %    RCD  %
  0.0000   0.0000   0.0000 0.0000 -nan 0.0000 -nan 0.0000 -nan 0.0000 -nan 0.0000 -nan
___________________________________________________________________________________________________

DATA PROTEIN LOOP
PDB abbreviation protein:                                    1t1dA
Start residue loop itself                                      127
End residue loop itself                                        138
Begin anchor residue                                           126
End anchor residue                                             139
Chain ID                                                         A


PARAMETER SETTINGS
Number closures/pdb                                           1000
Maximum iteration count/closure                              13000
Maximum iteration count/perturbation cycle                     100
Index for saving a trajectory path                             995


SLOW TIMER
Number samples                                                1000
 
FAST TIMER STATISTICS         
 
--------------------------------------------------------------------------------
Parameter                       Exact (micros)       Rounded (micros)      
--------------------------------------------------------------------------------
 
Average                             543.615000                   544      
Standard deviation                 2504.703501                  2505      
Maximum                           32220.000000                 32220      
Minimum                               0.000000                     0      
Skewness                              6.752188                 6.752      
Kurtosis                             59.436276                59.436      
 
COUNTER STATISTICS            
 
--------------------------------------------------------------------------------
Parameter                                Exact               Rounded      
--------------------------------------------------------------------------------
 
Average                             205.670000                   206      
Standard deviation                  902.820803                   903      
Maximum                            9875.000000                  9875      
Minimum                               0.000000                     0      
Skewness                              6.073563                 6.074      
Kurtosis                             47.631020                47.631      
 
RMSD STATISTICS LOOP SOLUTIONS
 
--------------------------------------------------------------------------------
Parameter                      Exact (Angstrom)       Rounded (Angstrom)      
--------------------------------------------------------------------------------
 
Average                               3.590921                 3.591      
Standard deviation                    0.946750                 0.947      
Maximum                               5.521129                 5.521      
Minimum                               1.640419                 1.640      
Skewness                              0.018319                 0.018      
Kurtosis                              1.953695                 1.954      
 
BUMP (PD2) ENERGY STATISTICS LOOP SOLUTIONS
 
--------------------------------------------------------------------------------
Parameter                      Exact (Angstrom)       Rounded (Angstrom)      
--------------------------------------------------------------------------------
 
Average                               0.000000                 0.000      
Standard deviation                    0.000000                 0.000      
Maximum                               0.000000                 0.000      
Minimum                               0.000000                 0.000      
Skewness                                  -nan                  -nan      
Kurtosis                                  -nan                  -nan      
 
BUMP (PD2) EXTRA ENERGY STATISTICS LOOP SOLUTIONS
 
--------------------------------------------------------------------------------
Parameter                      Exact (Angstrom)       Rounded (Angstrom)      
--------------------------------------------------------------------------------
 
Average                               0.000000                 0.000      
Standard deviation                    0.000000                 0.000      
Maximum                               0.000000                 0.000      
Minimum                               0.000000                 0.000      
Skewness                                  -nan                  -nan      
Kurtosis                                  -nan                  -nan      
 
BUMP (PD2) INTRA ENERGY STATISTICS LOOP SOLUTIONS
 
--------------------------------------------------------------------------------
Parameter                      Exact (Angstrom)       Rounded (Angstrom)      
--------------------------------------------------------------------------------
 
Average                               0.000000                 0.000      
Standard deviation                    0.000000                 0.000      
Maximum                               0.000000                 0.000      
Minimum                               0.000000                 0.000      
Skewness                                  -nan                  -nan      
Kurtosis                                  -nan                  -nan      
 
Score statistics for LOOP SOLUTIONS
 
--------------------------------------------------------------------------------
Parameter                      Exact (Angstrom)       Rounded (Angstrom)      
--------------------------------------------------------------------------------
 
Average                            -264.539508              -264.540      
Standard deviation                   21.124572                21.125      
Maximum                            -239.642280              -239.642      
Minimum                            -349.768810              -349.769      
Skewness                             -1.235996                -1.236      
Kurtosis                              4.795736                 4.796      

Solutions/trials                                                87/94
Convergence fraction                                         0.926
 

COUNTER ANALYSIS
Total iteration count                                       229134
Average count/LC                                               229
 

POST-FILTER CLASH ANALYSIS
Loop closure solutions with clashes remaining                    0
Fraction post-filter clashes                                 0.000
 
